  [1m[36mSQL (0.3ms)[0m  [1mSHOW TABLES[0m
  [1m[35mSQL (508.2ms)[0m  CREATE TABLE `schema_migrations` (`version` varchar(255) NOT NULL) ENGINE=InnoDB
  [1m[36mSQL (0.5ms)[0m  [1mSHOW KEYS FROM `schema_migrations`[0m
  [1m[35mSQL (153.5ms)[0m  CREATE UNIQUE INDEX `unique_schema_migrations` ON `schema_migrations` (`version`)
  [1m[36mSQL (0.4ms)[0m  [1mSHOW TABLES[0m
  [1m[35mSQL (0.4ms)[0m  SHOW TABLES
  [1m[36mSQL (0.2ms)[0m  [1mSELECT `schema_migrations`.`version` FROM `schema_migrations`[0m
Migrating to CreateRequests (20101124152724)
  [1m[35mSQL (128.4ms)[0m  CREATE TABLE `requests` (`id` int(11) DEFAULT NULL auto_increment PRIMARY KEY, `sent_date` datetime, `description` text, `received_date` datetime, `confirmation_number` varchar(255), `created_at` datetime, `updated_at` datetime) ENGINE=InnoDB
  [1m[36mSQL (1.8ms)[0m  [1mdescribe `schema_migrations`[0m
  [1m[35mSQL (0.6ms)[0m  INSERT INTO `schema_migrations` (`version`) VALUES ('20101124152724')
  [1m[36mSQL (0.4ms)[0m  [1mSHOW TABLES[0m
  [1m[35mSQL (0.2ms)[0m  SELECT `schema_migrations`.`version` FROM `schema_migrations`
  [1m[36mSQL (0.3ms)[0m  [1mSHOW TABLES[0m
  [1m[35mSQL (3.5ms)[0m  describe `requests`
  [1m[36mSQL (1.3ms)[0m  [1mSHOW KEYS FROM `requests`[0m
  [1m[36mSQL (0.4ms)[0m  [1mSHOW TABLES[0m
  [1m[35mSQL (0.3ms)[0m  SHOW TABLES
  [1m[36mSQL (1.0ms)[0m  [1mSELECT `schema_migrations`.`version` FROM `schema_migrations`[0m
  [1m[35mSQL (0.3ms)[0m  SHOW TABLES
  [1m[36mSQL (1.2ms)[0m  [1mdescribe `requests`[0m
  [1m[35mSQL (0.3ms)[0m  SHOW KEYS FROM `requests`
  [1m[36mSQL (36.9ms)[0m  [1mDROP DATABASE IF EXISTS `faye_client_test`[0m
  [1m[35mSQL (0.5ms)[0m  CREATE DATABASE `faye_client_test` DEFAULT CHARACTER SET `utf8`
  [1m[36mSQL (0.3ms)[0m  [1mSHOW TABLES[0m
  [1m[35mSQL (97.6ms)[0m  CREATE TABLE `requests` (`id` int(11) DEFAULT NULL auto_increment PRIMARY KEY, `sent_date` datetime, `description` text, `received_date` datetime, `confirmation_number` varchar(255), `created_at` datetime, `updated_at` datetime) ENGINE=InnoDB
  [1m[36mSQL (0.4ms)[0m  [1mSHOW TABLES[0m
  [1m[35mSQL (173.7ms)[0m  CREATE TABLE `schema_migrations` (`version` varchar(255) NOT NULL) ENGINE=InnoDB
  [1m[36mSQL (0.6ms)[0m  [1mSHOW KEYS FROM `schema_migrations`[0m
  [1m[35mSQL (128.2ms)[0m  CREATE UNIQUE INDEX `unique_schema_migrations` ON `schema_migrations` (`version`)
  [1m[36mSQL (0.4ms)[0m  [1mSHOW TABLES[0m
  [1m[35mSQL (0.3ms)[0m  SELECT version FROM `schema_migrations`
  [1m[36mSQL (0.6ms)[0m  [1mINSERT INTO `schema_migrations` (version) VALUES ('20101124152724')[0m


Started GET "/" for 127.0.0.1 at Wed Nov 24 10:38:56 -0500 2010
  Processing by RequestsController#index as HTML
Completed   in 13ms

ActionView::MissingTemplate (Missing template requests/index with {:formats=>[:html], :handlers=>[:rjs, :rhtml, :rxml, :builder, :erb], :locale=>[:en, :en]} in view paths "/Users/jackhq/apps/faye_client/app/views"):
  

Rendered /usr/local/lib/ruby/gems/1.8/gems/actionpack-3.0.0/lib/action_dispatch/middleware/templates/rescues/missing_template.erb within rescues/layout (1.2ms)


Started GET "/" for 127.0.0.1 at Wed Nov 24 10:39:21 -0500 2010
  Processing by RequestsController#index as HTML
Completed   in 7ms

ActionView::MissingTemplate (Missing template requests/index with {:formats=>[:html], :handlers=>[:rjs, :rhtml, :rxml, :builder, :erb], :locale=>[:en, :en]} in view paths "/Users/jackhq/apps/faye_client/app/views"):
  

Rendered /usr/local/lib/ruby/gems/1.8/gems/actionpack-3.0.0/lib/action_dispatch/middleware/templates/rescues/missing_template.erb within rescues/layout (1.1ms)


Started GET "/" for 127.0.0.1 at Wed Nov 24 10:39:26 -0500 2010
  Processing by RequestsController#index as HTML
Completed   in 7ms

ActionView::MissingTemplate (Missing template requests/index with {:formats=>[:html], :handlers=>[:rjs, :rhtml, :rxml, :builder, :erb], :locale=>[:en, :en]} in view paths "/Users/jackhq/apps/faye_client/app/views"):
  

Rendered /usr/local/lib/ruby/gems/1.8/gems/actionpack-3.0.0/lib/action_dispatch/middleware/templates/rescues/missing_template.erb within rescues/layout (1.0ms)


Started GET "/" for 127.0.0.1 at Wed Nov 24 10:39:27 -0500 2010
  Processing by RequestsController#index as HTML
Completed   in 7ms

ActionView::MissingTemplate (Missing template requests/index with {:formats=>[:html], :handlers=>[:rjs, :rhtml, :rxml, :builder, :erb], :locale=>[:en, :en]} in view paths "/Users/jackhq/apps/faye_client/app/views"):
  

Rendered /usr/local/lib/ruby/gems/1.8/gems/actionpack-3.0.0/lib/action_dispatch/middleware/templates/rescues/missing_template.erb within rescues/layout (1.0ms)


Started GET "/" for 127.0.0.1 at Wed Nov 24 10:40:22 -0500 2010
  Processing by RequestsController#index as HTML
Rendered requests/index.html.haml within layouts/application (8.1ms)
Completed 200 OK in 18ms (Views: 16.8ms | ActiveRecord: 0.0ms)


Started GET "/" for 127.0.0.1 at Wed Nov 24 10:41:03 -0500 2010
  Processing by RequestsController#index as HTML
Rendered requests/index.html.haml within layouts/application (8.1ms)
Completed 200 OK in 17ms (Views: 15.4ms | ActiveRecord: 0.0ms)


Started GET "/" for 127.0.0.1 at Wed Nov 24 10:41:30 -0500 2010
  Processing by RequestsController#index as HTML
Rendered requests/index.html.haml within layouts/application (8.6ms)
Completed 200 OK in 17ms (Views: 16.5ms | ActiveRecord: 0.0ms)


Started GET "/" for 127.0.0.1 at Wed Nov 24 10:41:35 -0500 2010
  Processing by RequestsController#index as HTML
Rendered requests/index.html.haml within layouts/application (8.8ms)
Completed 200 OK in 17ms (Views: 16.5ms | ActiveRecord: 0.0ms)


Started GET "/" for 127.0.0.1 at Wed Nov 24 10:41:57 -0500 2010
  Processing by RequestsController#index as HTML
Rendered requests/index.html.haml within layouts/application (8.7ms)
Completed 200 OK in 17ms (Views: 16.5ms | ActiveRecord: 0.0ms)


Started GET "/" for 127.0.0.1 at Wed Nov 24 10:42:12 -0500 2010
  Processing by RequestsController#index as HTML
Rendered requests/index.html.haml within layouts/application (8.9ms)
Completed 200 OK in 17ms (Views: 16.6ms | ActiveRecord: 0.0ms)


Started GET "/" for 127.0.0.1 at Wed Nov 24 10:42:31 -0500 2010
  Processing by RequestsController#index as HTML
Rendered requests/index.html.haml within layouts/application (8.9ms)
Completed 200 OK in 17ms (Views: 16.7ms | ActiveRecord: 0.0ms)


Started GET "/" for 127.0.0.1 at Wed Nov 24 10:49:32 -0500 2010
  Processing by RequestsController#index as HTML
  [1m[36mSQL (10.6ms)[0m  [1mSHOW TABLES[0m
  [1m[35mRequest Load (0.3ms)[0m  SELECT `requests`.* FROM `requests`
Rendered requests/index.html.haml within layouts/application (8.8ms)
Completed 200 OK in 111ms (Views: 18.2ms | ActiveRecord: 10.9ms)


Started GET "/requests/new" for 127.0.0.1 at Wed Nov 24 10:49:33 -0500 2010
  Processing by RequestsController#new as HTML
Rendered requests/new.html.haml within layouts/application (62.6ms)
Completed 200 OK in 82ms (Views: 70.7ms | ActiveRecord: 0.0ms)


Started GET "/requests" for 127.0.0.1 at Wed Nov 24 10:49:35 -0500 2010
  Processing by RequestsController#index as HTML
  [1m[36mRequest Load (0.3ms)[0m  [1mSELECT `requests`.* FROM `requests`[0m
Rendered requests/index.html.haml within layouts/application (9.5ms)
Completed 200 OK in 31ms (Views: 17.4ms | ActiveRecord: 0.3ms)


Started GET "/requests/new" for 127.0.0.1 at Wed Nov 24 10:49:36 -0500 2010
  Processing by RequestsController#new as HTML
Rendered requests/new.html.haml within layouts/application (24.1ms)
Completed 200 OK in 43ms (Views: 32.5ms | ActiveRecord: 0.0ms)


Started POST "/requests" for 127.0.0.1 at Wed Nov 24 10:49:54 -0500 2010
  Processing by RequestsController#create as HTML
  Parameters: {"commit"=>"Create Request", "authenticity_token"=>"Vhfs1Tk077G4nCypbgQpL9Xk0Dla/4H7rtg0qqDFU7c=", "utf8"=>"✓", "request"=>{"description"=>"Test message"}}
  [1m[35mSQL (0.1ms)[0m  BEGIN
  [1m[36mSQL (1.1ms)[0m  [1mdescribe `requests`[0m
  [1m[35mSQL (0.3ms)[0m  INSERT INTO `requests` (`confirmation_number`, `created_at`, `description`, `received_date`, `sent_date`, `updated_at`) VALUES (NULL, '2010-11-24 15:49:54', 'Test message', NULL, NULL, '2010-11-24 15:49:54')
  [1m[36mSQL (0.5ms)[0m  [1mCOMMIT[0m
Redirected to http://localhost:3000/requests/1
Completed 302 Found in 57ms


Started GET "/requests/1" for 127.0.0.1 at Wed Nov 24 10:49:54 -0500 2010

AbstractController::ActionNotFound (The action 'show' could not be found for RequestsController):
  

Rendered /usr/local/lib/ruby/gems/1.8/gems/actionpack-3.0.0/lib/action_dispatch/middleware/templates/rescues/unknown_action.erb within rescues/layout (1.3ms)
  [1m[36mSQL (0.4ms)[0m  [1mSHOW TABLES[0m
  [1m[35mRequest Load (0.2ms)[0m  SELECT `requests`.* FROM `requests`


Started POST "/requests" for 127.0.0.1 at Wed Nov 24 10:51:03 -0500 2010
  Processing by RequestsController#create as HTML
  Parameters: {"commit"=>"Create Request", "authenticity_token"=>"Vhfs1Tk077G4nCypbgQpL9Xk0Dla/4H7rtg0qqDFU7c=", "utf8"=>"✓", "request"=>{"description"=>"Test message 2"}}
  [1m[35mSQL (0.1ms)[0m  BEGIN
  [1m[36mSQL (0.2ms)[0m  [1mINSERT INTO `requests` (`confirmation_number`, `created_at`, `description`, `received_date`, `sent_date`, `updated_at`) VALUES (NULL, '2010-11-24 15:51:03', 'Test message 2', NULL, NULL, '2010-11-24 15:51:03')[0m
  [1m[35mSQL (0.5ms)[0m  COMMIT
Redirected to http://localhost:3000/requests
Completed 302 Found in 39ms


Started GET "/requests" for 127.0.0.1 at Wed Nov 24 10:51:03 -0500 2010
  Processing by RequestsController#index as HTML
  [1m[36mRequest Load (0.3ms)[0m  [1mSELECT `requests`.* FROM `requests`[0m
Rendered requests/index.html.haml within layouts/application (9.0ms)
Completed 200 OK in 31ms (Views: 17.0ms | ActiveRecord: 0.3ms)


Started GET "/requests" for 127.0.0.1 at Wed Nov 24 10:52:59 -0500 2010
  Processing by RequestsController#index as HTML
  [1m[35mRequest Load (0.3ms)[0m  SELECT `requests`.* FROM `requests`
Rendered requests/index.html.haml within layouts/application (8.8ms)
Completed 200 OK in 30ms (Views: 17.0ms | ActiveRecord: 0.3ms)


Started GET "/requests/new" for 127.0.0.1 at Wed Nov 24 10:53:01 -0500 2010
  Processing by RequestsController#new as HTML
Rendered requests/new.html.haml within layouts/application (24.1ms)
Completed 200 OK in 133ms (Views: 32.0ms | ActiveRecord: 0.0ms)


Started POST "/requests" for 127.0.0.1 at Wed Nov 24 10:53:04 -0500 2010
  Processing by RequestsController#create as HTML
  Parameters: {"commit"=>"Create Request", "authenticity_token"=>"Vhfs1Tk077G4nCypbgQpL9Xk0Dla/4H7rtg0qqDFU7c=", "utf8"=>"✓", "request"=>{"description"=>"fadfasdfa dfsd f"}}
  [1m[36mSQL (0.1ms)[0m  [1mBEGIN[0m
  [1m[35mSQL (0.3ms)[0m  INSERT INTO `requests` (`confirmation_number`, `created_at`, `description`, `received_date`, `sent_date`, `updated_at`) VALUES (NULL, '2010-11-24 15:53:04', 'fadfasdfa dfsd f', NULL, '2010-11-24 15:53:04', '2010-11-24 15:53:04')
  [1m[36mSQL (0.5ms)[0m  [1mCOMMIT[0m
Redirected to http://localhost:3000/requests
Completed 302 Found in 89ms


Started GET "/requests" for 127.0.0.1 at Wed Nov 24 10:53:04 -0500 2010
  Processing by RequestsController#index as HTML
  [1m[35mRequest Load (0.3ms)[0m  SELECT `requests`.* FROM `requests`
Rendered requests/index.html.haml within layouts/application (9.0ms)
Completed 200 OK in 30ms (Views: 16.8ms | ActiveRecord: 0.3ms)
  [1m[36mSQL (1.5ms)[0m  [1mSHOW TABLES[0m
  [1m[35mRequest Load (0.4ms)[0m  SELECT `requests`.* FROM `requests` ORDER BY requests.id DESC LIMIT 1


Started GET "/requests" for 127.0.0.1 at Wed Nov 24 10:55:57 -0500 2010
  Processing by RequestsController#index as HTML
  [1m[36mRequest Load (0.3ms)[0m  [1mSELECT `requests`.* FROM `requests`[0m
Rendered requests/index.html.haml within layouts/application (114.3ms)
Completed 200 OK in 137ms (Views: 122.4ms | ActiveRecord: 0.3ms)


Started GET "/requests" for 127.0.0.1 at Wed Nov 24 10:56:35 -0500 2010
  Processing by RequestsController#index as HTML
  [1m[35mRequest Load (0.3ms)[0m  SELECT `requests`.* FROM `requests`
Rendered requests/index.html.haml within layouts/application (21.0ms)
Completed 200 OK in 43ms (Views: 29.0ms | ActiveRecord: 0.3ms)


Started GET "/requests" for 127.0.0.1 at Wed Nov 24 10:57:12 -0500 2010
  Processing by RequestsController#index as HTML
  [1m[36mRequest Load (0.3ms)[0m  [1mSELECT `requests`.* FROM `requests`[0m
Rendered requests/index.html.haml within layouts/application (11.1ms)
Completed 200 OK in 34ms (Views: 19.8ms | ActiveRecord: 0.3ms)


Started GET "/requests" for 127.0.0.1 at Wed Nov 24 10:57:26 -0500 2010
  Processing by RequestsController#index as HTML
  [1m[35mRequest Load (0.3ms)[0m  SELECT `requests`.* FROM `requests`
Rendered requests/index.html.haml within layouts/application (21.1ms)
Completed 200 OK in 43ms (Views: 29.5ms | ActiveRecord: 0.3ms)


Started GET "/requests" for 127.0.0.1 at Wed Nov 24 11:00:14 -0500 2010
  Processing by RequestsController#index as HTML
  [1m[36mRequest Load (0.3ms)[0m  [1mSELECT `requests`.* FROM `requests`[0m
Rendered requests/index.html.haml within layouts/application (14.4ms)
Completed   in 36ms

ActionView::Template::Error (undefined method `strftime' for nil:NilClass):
    10:   - @requests.each do |request|
    11:     %tr
    12:       %td= request.description
    13:       %td= request.sent_date.strftime("%m/%d/%Y %I:%M %p")
    14:       %td= request.confirmation_number
    15:       %td= request.received_date.strftime("%m/%d/%Y %I:%M %p")
    16: 
  app/views/requests/index.html.haml:13:in `_app_views_requests_index_html_haml__1368324072_2171070120_0'
  app/views/requests/index.html.haml:10:in `each'
  app/views/requests/index.html.haml:10:in `_app_views_requests_index_html_haml__1368324072_2171070120_0'
  app/controllers/requests_controller.rb:6:in `index'

Rendered /usr/local/lib/ruby/gems/1.8/gems/actionpack-3.0.0/lib/action_dispatch/middleware/templates/rescues/_trace.erb (2.6ms)
Rendered /usr/local/lib/ruby/gems/1.8/gems/actionpack-3.0.0/lib/action_dispatch/middleware/templates/rescues/_request_and_response.erb (101.3ms)
Rendered /usr/local/lib/ruby/gems/1.8/gems/actionpack-3.0.0/lib/action_dispatch/middleware/templates/rescues/template_error.erb within rescues/layout (125.7ms)


Started GET "/requests" for 127.0.0.1 at Wed Nov 24 11:00:40 -0500 2010
  Processing by RequestsController#index as HTML
  [1m[35mRequest Load (0.3ms)[0m  SELECT `requests`.* FROM `requests`
Rendered requests/index.html.haml within layouts/application (14.0ms)
Completed   in 36ms

ActionView::Template::Error (undefined method `strftime' for nil:NilClass):
    10:   - @requests.each do |request|
    11:     %tr
    12:       %td= request.description
    13:       %td= request.sent_date.strftime("%m/%d/%Y %I:%M %p")
    14:       %td= request.confirmation_number if request.confirmation_number
    15:       %td= request.received_date.strftime("%m/%d/%Y %I:%M %p") if request.received_date
    16: 
  app/views/requests/index.html.haml:13:in `_app_views_requests_index_html_haml__1368324072_2173811980_0'
  app/views/requests/index.html.haml:10:in `each'
  app/views/requests/index.html.haml:10:in `_app_views_requests_index_html_haml__1368324072_2173811980_0'
  app/controllers/requests_controller.rb:6:in `index'

Rendered /usr/local/lib/ruby/gems/1.8/gems/actionpack-3.0.0/lib/action_dispatch/middleware/templates/rescues/_trace.erb (2.4ms)
Rendered /usr/local/lib/ruby/gems/1.8/gems/actionpack-3.0.0/lib/action_dispatch/middleware/templates/rescues/_request_and_response.erb (16.9ms)
Rendered /usr/local/lib/ruby/gems/1.8/gems/actionpack-3.0.0/lib/action_dispatch/middleware/templates/rescues/template_error.erb within rescues/layout (27.7ms)


Started GET "/requests" for 127.0.0.1 at Wed Nov 24 11:01:01 -0500 2010
  Processing by RequestsController#index as HTML
  [1m[36mRequest Load (0.3ms)[0m  [1mSELECT `requests`.* FROM `requests`[0m
Rendered requests/index.html.haml within layouts/application (14.1ms)
Completed   in 36ms

ActionView::Template::Error (undefined method `strftime' for nil:NilClass):
    10:   - @requests.each do |request|
    11:     %tr
    12:       %td= request.description
    13:       %td= request.sent_date.strftime("%m/%d/%Y %I:%M %p")
    14:       %td= request.confirmation_number if request.confirmation_number
    15:       %td= request.received_date.strftime("%m/%d/%Y %I:%M %p") if request.received_date
    16: 
  app/views/requests/index.html.haml:13:in `_app_views_requests_index_html_haml__1368324072_2170109980_0'
  app/views/requests/index.html.haml:10:in `each'
  app/views/requests/index.html.haml:10:in `_app_views_requests_index_html_haml__1368324072_2170109980_0'
  app/controllers/requests_controller.rb:6:in `index'

Rendered /usr/local/lib/ruby/gems/1.8/gems/actionpack-3.0.0/lib/action_dispatch/middleware/templates/rescues/_trace.erb (2.4ms)
Rendered /usr/local/lib/ruby/gems/1.8/gems/actionpack-3.0.0/lib/action_dispatch/middleware/templates/rescues/_request_and_response.erb (16.1ms)
Rendered /usr/local/lib/ruby/gems/1.8/gems/actionpack-3.0.0/lib/action_dispatch/middleware/templates/rescues/template_error.erb within rescues/layout (26.8ms)


Started GET "/requests" for 127.0.0.1 at Wed Nov 24 11:01:23 -0500 2010
  Processing by RequestsController#index as HTML
  [1m[35mRequest Load (0.3ms)[0m  SELECT `requests`.* FROM `requests`
Rendered requests/index.html.haml within layouts/application (22.3ms)
Completed 200 OK in 132ms (Views: 30.1ms | ActiveRecord: 0.3ms)
  [1m[36mSQL (1.0ms)[0m  [1mDELETE FROM `requests`[0m


Started GET "/requests" for 127.0.0.1 at Wed Nov 24 11:01:40 -0500 2010
  Processing by RequestsController#index as HTML
  [1m[36mRequest Load (0.3ms)[0m  [1mSELECT `requests`.* FROM `requests`[0m
Rendered requests/index.html.haml within layouts/application (12.1ms)
Completed 200 OK in 34ms (Views: 20.5ms | ActiveRecord: 0.3ms)


Started GET "/requests/new" for 127.0.0.1 at Wed Nov 24 11:01:45 -0500 2010
  Processing by RequestsController#new as HTML
Rendered requests/new.html.haml within layouts/application (115.3ms)
Completed 200 OK in 135ms (Views: 124.0ms | ActiveRecord: 0.0ms)


Started POST "/requests" for 127.0.0.1 at Wed Nov 24 11:01:47 -0500 2010
  Processing by RequestsController#create as HTML
  Parameters: {"commit"=>"Create Request", "authenticity_token"=>"Vhfs1Tk077G4nCypbgQpL9Xk0Dla/4H7rtg0qqDFU7c=", "utf8"=>"✓", "request"=>{"description"=>"adfadfdfadf"}}
  [1m[35mSQL (0.1ms)[0m  BEGIN
  [1m[36mSQL (0.2ms)[0m  [1mINSERT INTO `requests` (`confirmation_number`, `created_at`, `description`, `received_date`, `sent_date`, `updated_at`) VALUES (NULL, '2010-11-24 16:01:47', 'adfadfdfadf', NULL, '2010-11-24 16:01:47', '2010-11-24 16:01:47')[0m
  [1m[35mSQL (0.4ms)[0m  COMMIT
Redirected to http://localhost:3000/requests
Completed 302 Found in 41ms


Started GET "/requests" for 127.0.0.1 at Wed Nov 24 11:01:47 -0500 2010
  Processing by RequestsController#index as HTML
  [1m[36mRequest Load (0.3ms)[0m  [1mSELECT `requests`.* FROM `requests`[0m
Rendered requests/index.html.haml within layouts/application (22.0ms)
Completed 200 OK in 44ms (Views: 29.8ms | ActiveRecord: 0.3ms)


Started GET "/requests/new" for 127.0.0.1 at Wed Nov 24 11:17:06 -0500 2010
  Processing by RequestsController#new as HTML
Rendered requests/new.html.haml within layouts/application (23.2ms)
Completed 200 OK in 43ms (Views: 31.6ms | ActiveRecord: 0.0ms)


Started GET "/requests" for 127.0.0.1 at Wed Nov 24 11:17:09 -0500 2010
  Processing by RequestsController#index as HTML
  [1m[35mRequest Load (0.3ms)[0m  SELECT `requests`.* FROM `requests`
Rendered requests/index.html.haml within layouts/application (21.5ms)
Completed 200 OK in 43ms (Views: 29.2ms | ActiveRecord: 0.3ms)
  [1m[36mSQL (15.8ms)[0m  [1mSHOW TABLES[0m
  [1m[35mRequest Load (0.3ms)[0m  SELECT `requests`.* FROM `requests` ORDER BY requests.id DESC LIMIT 1


Started GET "/requests/new" for 127.0.0.1 at Wed Nov 24 11:45:57 -0500 2010
  Processing by RequestsController#new as HTML
Rendered requests/new.html.haml within layouts/application (23.1ms)
Completed 200 OK in 43ms (Views: 31.8ms | ActiveRecord: 0.0ms)


Started POST "/requests" for 127.0.0.1 at Wed Nov 24 11:45:59 -0500 2010
  Processing by RequestsController#create as HTML
  Parameters: {"commit"=>"Create Request", "authenticity_token"=>"Vhfs1Tk077G4nCypbgQpL9Xk0Dla/4H7rtg0qqDFU7c=", "utf8"=>"✓", "request"=>{"description"=>"vdsafdsaew"}}
Redirected to http://localhost:3000/requests
Completed 302 Found in 28ms


Started GET "/requests" for 127.0.0.1 at Wed Nov 24 11:46:00 -0500 2010
  Processing by RequestsController#index as HTML
  [1m[36mRequest Load (0.3ms)[0m  [1mSELECT `requests`.* FROM `requests`[0m
Rendered requests/index.html.haml within layouts/application (21.7ms)
Completed 200 OK in 45ms (Views: 29.9ms | ActiveRecord: 0.3ms)
  [1m[36mSQL (0.4ms)[0m  [1mSHOW TABLES[0m
  [1m[35mRequest Load (0.2ms)[0m  SELECT `requests`.* FROM `requests` ORDER BY requests.id DESC LIMIT 1
  [1m[36mRequest Load (0.4ms)[0m  [1mSELECT `requests`.* FROM `requests` ORDER BY requests.id DESC LIMIT 1[0m
  [1m[35mRequest Load (0.3ms)[0m  SELECT `requests`.* FROM `requests` ORDER BY requests.id DESC LIMIT 1
  [1m[36mRequest Load (0.4ms)[0m  [1mSELECT `requests`.* FROM `requests` ORDER BY requests.id DESC LIMIT 1[0m
  [1m[35mRequest Load (0.5ms)[0m  SELECT `requests`.* FROM `requests` ORDER BY requests.id DESC LIMIT 1
  [1m[36mRequest Load (0.4ms)[0m  [1mSELECT `requests`.* FROM `requests` ORDER BY requests.id DESC LIMIT 1[0m
  [1m[35mRequest Load (0.3ms)[0m  SELECT `requests`.* FROM `requests` ORDER BY requests.id DESC LIMIT 1
  [1m[36mRequest Load (0.5ms)[0m  [1mSELECT `requests`.* FROM `requests` ORDER BY requests.id DESC LIMIT 1[0m
  [1m[35mRequest Load (0.3ms)[0m  SELECT `requests`.* FROM `requests` ORDER BY requests.id DESC LIMIT 1
  [1m[36mRequest Load (0.4ms)[0m  [1mSELECT `requests`.* FROM `requests` ORDER BY requests.id DESC LIMIT 1[0m
  [1m[35mRequest Load (0.6ms)[0m  SELECT `requests`.* FROM `requests` ORDER BY requests.id DESC LIMIT 1
  [1m[36mSQL (16.8ms)[0m  [1mSHOW TABLES[0m
  [1m[35mRequest Load (0.3ms)[0m  SELECT `requests`.* FROM `requests` ORDER BY requests.id DESC LIMIT 1
  [1m[36mRequest Load (0.4ms)[0m  [1mSELECT `requests`.* FROM `requests` ORDER BY requests.id DESC LIMIT 1[0m
  [1m[35mRequest Load (1.7ms)[0m  SELECT `requests`.* FROM `requests` ORDER BY requests.id DESC LIMIT 1
  [1m[36mRequest Load (0.5ms)[0m  [1mSELECT `requests`.* FROM `requests` ORDER BY requests.id DESC LIMIT 1[0m
  [1m[36mSQL (0.5ms)[0m  [1mSHOW TABLES[0m
  [1m[35mRequest Load (0.2ms)[0m  SELECT `requests`.* FROM `requests` ORDER BY requests.id DESC LIMIT 1
  [1m[36mRequest Load (0.3ms)[0m  [1mSELECT `requests`.* FROM `requests` ORDER BY requests.id DESC LIMIT 1[0m
  [1m[35mRequest Load (0.5ms)[0m  SELECT `requests`.* FROM `requests` ORDER BY requests.id DESC LIMIT 1
  [1m[36mRequest Load (0.3ms)[0m  [1mSELECT `requests`.* FROM `requests` ORDER BY requests.id DESC LIMIT 1[0m
  [1m[35mRequest Load (0.4ms)[0m  SELECT `requests`.* FROM `requests` ORDER BY requests.id DESC LIMIT 1
  [1m[36mRequest Load (0.3ms)[0m  [1mSELECT `requests`.* FROM `requests` ORDER BY requests.id DESC LIMIT 1[0m
  [1m[35mRequest Load (0.5ms)[0m  SELECT `requests`.* FROM `requests` ORDER BY requests.id DESC LIMIT 1
  [1m[36mSQL (42.4ms)[0m  [1mSHOW TABLES[0m
  [1m[35mRequest Load (0.4ms)[0m  SELECT `requests`.* FROM `requests` ORDER BY requests.id DESC LIMIT 1
  [1m[36mRequest Load (0.3ms)[0m  [1mSELECT `requests`.* FROM `requests` ORDER BY requests.id DESC LIMIT 1[0m
  [1m[36mSQL (0.4ms)[0m  [1mSHOW TABLES[0m
  [1m[35mRequest Load (0.3ms)[0m  SELECT `requests`.* FROM `requests` WHERE (`requests`.`id` = 4) LIMIT 1
  [1m[36mSQL (0.1ms)[0m  [1mBEGIN[0m
  [1m[35mSQL (0.4ms)[0m  UPDATE `requests` SET `confirmation_number` = 32, `received_date` = '2010-11-24 20:27:19', `updated_at` = '2010-11-24 20:27:19' WHERE (`requests`.`id` = 4)
  [1m[36mSQL (0.5ms)[0m  [1mCOMMIT[0m
  [1m[35mRequest Load (0.5ms)[0m  SELECT `requests`.* FROM `requests` WHERE (`requests`.`id` = 4) LIMIT 1
  [1m[36mSQL (0.1ms)[0m  [1mBEGIN[0m
  [1m[35mSQL (0.3ms)[0m  UPDATE `requests` SET `confirmation_number` = 33, `received_date` = '2010-11-24 20:27:21', `updated_at` = '2010-11-24 20:27:21' WHERE (`requests`.`id` = 4)
  [1m[36mSQL (0.4ms)[0m  [1mCOMMIT[0m
  [1m[35mRequest Load (0.4ms)[0m  SELECT `requests`.* FROM `requests` LIMIT 1
  [1m[35mRequest Load (0.6ms)[0m  SELECT `requests`.* FROM `requests` WHERE (`requests`.`id` = 4) LIMIT 1
  [1m[36mSQL (0.1ms)[0m  [1mBEGIN[0m
  [1m[35mSQL (0.3ms)[0m  UPDATE `requests` SET `confirmation_number` = 34, `received_date` = '2010-11-24 20:27:30', `updated_at` = '2010-11-24 20:27:30' WHERE (`requests`.`id` = 4)
  [1m[36mSQL (0.4ms)[0m  [1mCOMMIT[0m


Started GET "/" for 127.0.0.1 at Wed Nov 24 15:52:40 -0500 2010
  Processing by RequestsController#index as HTML
  [1m[36mSQL (0.4ms)[0m  [1mSHOW TABLES[0m
  [1m[35mRequest Load (0.2ms)[0m  SELECT `requests`.* FROM `requests`
Rendered requests/index.html.haml within layouts/application (30.6ms)
Completed 200 OK in 108ms (Views: 39.8ms | ActiveRecord: 0.7ms)


Started GET "/" for 127.0.0.1 at Wed Nov 24 16:08:46 -0500 2010


Started GET "/" for 127.0.0.1 at Wed Nov 24 16:10:09 -0500 2010
  Processing by RequestsController#index as HTML
  [1m[36mSQL (0.6ms)[0m  [1mSHOW TABLES[0m
  [1m[35mRequest Load (0.2ms)[0m  SELECT `requests`.* FROM `requests`
Rendered requests/index.html.haml within layouts/application (31.1ms)
Completed 200 OK in 121ms (Views: 40.1ms | ActiveRecord: 0.8ms)


Started GET "/requests/new" for 127.0.0.1 at Wed Nov 24 16:10:11 -0500 2010
  Processing by RequestsController#new as HTML
Rendered requests/new.html.haml within layouts/application (72.7ms)
Completed 200 OK in 94ms (Views: 81.1ms | ActiveRecord: 0.0ms)


Started POST "/requests" for 127.0.0.1 at Wed Nov 24 16:10:18 -0500 2010
  Processing by RequestsController#create as HTML
  Parameters: {"commit"=>"Create Request", "authenticity_token"=>"Vhfs1Tk077G4nCypbgQpL9Xk0Dla/4H7rtg0qqDFU7c=", "utf8"=>"✓", "request"=>{"description"=>"Hello"}}
Redirected to http://localhost:3000/requests
Completed 302 Found in 29ms


Started GET "/requests" for 127.0.0.1 at Wed Nov 24 16:10:18 -0500 2010
  Processing by RequestsController#index as HTML
  [1m[36mRequest Load (0.3ms)[0m  [1mSELECT `requests`.* FROM `requests`[0m
Rendered requests/index.html.haml within layouts/application (24.2ms)
Completed 200 OK in 48ms (Views: 33.0ms | ActiveRecord: 0.3ms)


Started GET "/requests" for 127.0.0.1 at Wed Nov 24 16:10:21 -0500 2010
  Processing by RequestsController#index as HTML
  [1m[35mRequest Load (0.3ms)[0m  SELECT `requests`.* FROM `requests`
Rendered requests/index.html.haml within layouts/application (23.8ms)
Completed 200 OK in 48ms (Views: 33.4ms | ActiveRecord: 0.3ms)


Started GET "/requests" for 127.0.0.1 at Wed Nov 24 16:10:55 -0500 2010
  Processing by RequestsController#index as HTML
  [1m[36mSQL (0.5ms)[0m  [1mSHOW TABLES[0m
  [1m[35mRequest Load (0.3ms)[0m  SELECT `requests`.* FROM `requests`
Rendered requests/index.html.haml within layouts/application (31.9ms)
Completed 200 OK in 105ms (Views: 41.3ms | ActiveRecord: 0.7ms)


Started GET "/requests/new" for 127.0.0.1 at Wed Nov 24 16:10:56 -0500 2010
  Processing by RequestsController#new as HTML
Rendered requests/new.html.haml within layouts/application (121.0ms)
Completed 200 OK in 145ms (Views: 129.5ms | ActiveRecord: 0.0ms)


Started POST "/requests" for 127.0.0.1 at Wed Nov 24 16:10:57 -0500 2010
  Processing by RequestsController#create as HTML
  Parameters: {"commit"=>"Create Request", "authenticity_token"=>"Vhfs1Tk077G4nCypbgQpL9Xk0Dla/4H7rtg0qqDFU7c=", "utf8"=>"✓", "request"=>{"description"=>"Test"}}
Redirected to http://localhost:3000/requests
Completed 302 Found in 28ms


Started GET "/requests" for 127.0.0.1 at Wed Nov 24 16:10:57 -0500 2010
  Processing by RequestsController#index as HTML
  [1m[36mRequest Load (0.3ms)[0m  [1mSELECT `requests`.* FROM `requests`[0m
Rendered requests/index.html.haml within layouts/application (23.1ms)
Completed 200 OK in 47ms (Views: 31.1ms | ActiveRecord: 0.3ms)


Started GET "/requests" for 127.0.0.1 at Wed Nov 24 16:10:59 -0500 2010
  Processing by RequestsController#index as HTML
  [1m[35mRequest Load (0.3ms)[0m  SELECT `requests`.* FROM `requests`
Rendered requests/index.html.haml within layouts/application (22.6ms)
Completed 200 OK in 46ms (Views: 30.7ms | ActiveRecord: 0.3ms)


Started GET "/requests/new" for 127.0.0.1 at Wed Nov 24 16:11:30 -0500 2010
  Processing by RequestsController#new as HTML
Rendered requests/new.html.haml within layouts/application (32.7ms)
Completed 200 OK in 54ms (Views: 41.7ms | ActiveRecord: 0.0ms)


Started POST "/requests" for 127.0.0.1 at Wed Nov 24 16:11:33 -0500 2010
  Processing by RequestsController#create as HTML
  Parameters: {"commit"=>"Create Request", "authenticity_token"=>"Vhfs1Tk077G4nCypbgQpL9Xk0Dla/4H7rtg0qqDFU7c=", "utf8"=>"✓", "request"=>{"description"=>"FDsvas"}}
Redirected to http://localhost:3000/requests
Completed 302 Found in 30ms


Started GET "/requests" for 127.0.0.1 at Wed Nov 24 16:11:33 -0500 2010
  Processing by RequestsController#index as HTML
  [1m[36mSQL (0.4ms)[0m  [1mSHOW TABLES[0m
  [1m[35mRequest Load (0.2ms)[0m  SELECT `requests`.* FROM `requests`
Rendered requests/index.html.haml within layouts/application (27.2ms)
Completed 200 OK in 192ms (Views: 35.6ms | ActiveRecord: 0.6ms)


Started GET "/requests" for 127.0.0.1 at Wed Nov 24 16:12:10 -0500 2010
  Processing by RequestsController#index as HTML
  [1m[36mRequest Load (0.3ms)[0m  [1mSELECT `requests`.* FROM `requests`[0m
Rendered requests/index.html.haml within layouts/application (22.2ms)
Completed 200 OK in 46ms (Views: 30.7ms | ActiveRecord: 0.3ms)


Started GET "/requests/new" for 127.0.0.1 at Wed Nov 24 16:12:11 -0500 2010
  Processing by RequestsController#new as HTML
Rendered requests/new.html.haml within layouts/application (24.8ms)
Completed 200 OK in 46ms (Views: 33.5ms | ActiveRecord: 0.0ms)


Started POST "/requests" for 127.0.0.1 at Wed Nov 24 16:12:13 -0500 2010
  Processing by RequestsController#create as HTML
  Parameters: {"commit"=>"Create Request", "authenticity_token"=>"Vhfs1Tk077G4nCypbgQpL9Xk0Dla/4H7rtg0qqDFU7c=", "utf8"=>"✓", "request"=>{"description"=>"fgreqasvcxzvd"}}
Redirected to http://localhost:3000/requests
Completed 302 Found in 28ms


Started GET "/requests" for 127.0.0.1 at Wed Nov 24 16:12:13 -0500 2010
  Processing by RequestsController#index as HTML
  [1m[35mRequest Load (0.3ms)[0m  SELECT `requests`.* FROM `requests`
Rendered requests/index.html.haml within layouts/application (22.2ms)
Completed 200 OK in 45ms (Views: 30.3ms | ActiveRecord: 0.3ms)


Started GET "/requests" for 127.0.0.1 at Wed Nov 24 16:13:15 -0500 2010
  Processing by RequestsController#index as HTML
  [1m[36mSQL (0.4ms)[0m  [1mSHOW TABLES[0m
  [1m[35mRequest Load (0.2ms)[0m  SELECT `requests`.* FROM `requests`
Rendered requests/index.html.haml within layouts/application (31.0ms)
Completed 200 OK in 103ms (Views: 40.1ms | ActiveRecord: 0.7ms)


Started GET "/requests/new" for 127.0.0.1 at Wed Nov 24 16:13:17 -0500 2010
  Processing by RequestsController#new as HTML
Rendered requests/new.html.haml within layouts/application (28.0ms)
Completed 200 OK in 150ms (Views: 36.8ms | ActiveRecord: 0.0ms)


Started POST "/requests" for 127.0.0.1 at Wed Nov 24 16:13:19 -0500 2010
  Processing by RequestsController#create as HTML
  Parameters: {"commit"=>"Create Request", "authenticity_token"=>"Vhfs1Tk077G4nCypbgQpL9Xk0Dla/4H7rtg0qqDFU7c=", "utf8"=>"✓", "request"=>{"description"=>"dasvdwdfqea"}}
Redirected to http://localhost:3000/requests
Completed 302 Found in 31ms


Started GET "/requests" for 127.0.0.1 at Wed Nov 24 16:13:19 -0500 2010
  Processing by RequestsController#index as HTML
  [1m[36mRequest Load (0.3ms)[0m  [1mSELECT `requests`.* FROM `requests`[0m
Rendered requests/index.html.haml within layouts/application (24.6ms)
Completed 200 OK in 49ms (Views: 32.6ms | ActiveRecord: 0.3ms)


Started GET "/requests" for 127.0.0.1 at Wed Nov 24 16:13:27 -0500 2010
  Processing by RequestsController#index as HTML
  [1m[35mRequest Load (0.3ms)[0m  SELECT `requests`.* FROM `requests`
Rendered requests/index.html.haml within layouts/application (21.9ms)
Completed 200 OK in 47ms (Views: 31.4ms | ActiveRecord: 0.3ms)


Started GET "/requests/new" for 127.0.0.1 at Wed Nov 24 16:13:52 -0500 2010
  Processing by RequestsController#new as HTML
Rendered requests/new.html.haml within layouts/application (23.7ms)
Completed 200 OK in 44ms (Views: 31.7ms | ActiveRecord: 0.0ms)


Started POST "/requests" for 127.0.0.1 at Wed Nov 24 16:13:53 -0500 2010
  Processing by RequestsController#create as HTML
  Parameters: {"commit"=>"Create Request", "authenticity_token"=>"Vhfs1Tk077G4nCypbgQpL9Xk0Dla/4H7rtg0qqDFU7c=", "utf8"=>"✓", "request"=>{"description"=>"fdsavdsafewa"}}
  [1m[36mSQL (0.1ms)[0m  [1mBEGIN[0m
  [1m[35mSQL (1.1ms)[0m  describe `requests`
  [1m[36mSQL (0.3ms)[0m  [1mINSERT INTO `requests` (`confirmation_number`, `created_at`, `description`, `received_date`, `sent_date`, `updated_at`) VALUES (NULL, '2010-11-24 21:13:53', 'fdsavdsafewa', NULL, '2010-11-24 21:13:53', '2010-11-24 21:13:53')[0m
  [1m[35mSQL (0.5ms)[0m  COMMIT
Redirected to http://localhost:3000/requests
Completed 302 Found in 59ms


Started GET "/requests" for 127.0.0.1 at Wed Nov 24 16:13:53 -0500 2010
  Processing by RequestsController#index as HTML
  [1m[36mRequest Load (0.3ms)[0m  [1mSELECT `requests`.* FROM `requests`[0m
Rendered requests/index.html.haml within layouts/application (24.3ms)
Completed 200 OK in 48ms (Views: 32.2ms | ActiveRecord: 0.3ms)


Started GET "/requests" for 127.0.0.1 at Wed Nov 24 16:13:55 -0500 2010
  Processing by RequestsController#index as HTML
  [1m[35mRequest Load (0.3ms)[0m  SELECT `requests`.* FROM `requests`
Rendered requests/index.html.haml within layouts/application (21.9ms)
Completed 200 OK in 46ms (Views: 30.2ms | ActiveRecord: 0.3ms)


Started GET "/requests" for 127.0.0.1 at Wed Nov 24 16:13:57 -0500 2010
  Processing by RequestsController#index as HTML
  [1m[36mRequest Load (0.3ms)[0m  [1mSELECT `requests`.* FROM `requests`[0m
Rendered requests/index.html.haml within layouts/application (22.2ms)
Completed 200 OK in 138ms (Views: 30.1ms | ActiveRecord: 0.3ms)


Started GET "/requests" for 127.0.0.1 at Wed Nov 24 16:13:57 -0500 2010
  Processing by RequestsController#index as HTML
  [1m[35mRequest Load (0.3ms)[0m  SELECT `requests`.* FROM `requests`
Rendered requests/index.html.haml within layouts/application (22.6ms)
Completed 200 OK in 45ms (Views: 30.4ms | ActiveRecord: 0.3ms)


Started GET "/requests" for 127.0.0.1 at Wed Nov 24 16:13:58 -0500 2010
  Processing by RequestsController#index as HTML
  [1m[36mRequest Load (0.3ms)[0m  [1mSELECT `requests`.* FROM `requests`[0m
Rendered requests/index.html.haml within layouts/application (23.1ms)
Completed 200 OK in 141ms (Views: 31.3ms | ActiveRecord: 0.3ms)


Started GET "/requests" for 127.0.0.1 at Wed Nov 24 16:13:59 -0500 2010
  Processing by RequestsController#index as HTML
  [1m[35mRequest Load (0.3ms)[0m  SELECT `requests`.* FROM `requests`
Rendered requests/index.html.haml within layouts/application (23.4ms)
Completed 200 OK in 48ms (Views: 31.5ms | ActiveRecord: 0.3ms)


Started GET "/requests" for 127.0.0.1 at Wed Nov 24 16:14:00 -0500 2010
  Processing by RequestsController#index as HTML
  [1m[36mRequest Load (0.3ms)[0m  [1mSELECT `requests`.* FROM `requests`[0m
Rendered requests/index.html.haml within layouts/application (118.4ms)
Completed 200 OK in 143ms (Views: 127.1ms | ActiveRecord: 0.3ms)


Started GET "/requests" for 127.0.0.1 at Wed Nov 24 16:14:00 -0500 2010
  Processing by RequestsController#index as HTML
  [1m[35mRequest Load (0.3ms)[0m  SELECT `requests`.* FROM `requests`
Rendered requests/index.html.haml within layouts/application (22.5ms)
Completed 200 OK in 45ms (Views: 30.4ms | ActiveRecord: 0.3ms)


Started GET "/requests" for 127.0.0.1 at Wed Nov 24 16:14:01 -0500 2010
  Processing by RequestsController#index as HTML
  [1m[36mRequest Load (0.3ms)[0m  [1mSELECT `requests`.* FROM `requests`[0m
Rendered requests/index.html.haml within layouts/application (23.1ms)
Completed 200 OK in 46ms (Views: 31.1ms | ActiveRecord: 0.3ms)


Started GET "/requests" for 127.0.0.1 at Wed Nov 24 16:14:01 -0500 2010
  Processing by RequestsController#index as HTML
  [1m[35mRequest Load (0.3ms)[0m  SELECT `requests`.* FROM `requests`
Rendered requests/index.html.haml within layouts/application (23.2ms)
Completed 200 OK in 46ms (Views: 31.4ms | ActiveRecord: 0.3ms)


Started GET "/requests" for 127.0.0.1 at Wed Nov 24 16:14:02 -0500 2010
  Processing by RequestsController#index as HTML
  [1m[36mRequest Load (0.3ms)[0m  [1mSELECT `requests`.* FROM `requests`[0m
Rendered requests/index.html.haml within layouts/application (22.3ms)
Completed 200 OK in 45ms (Views: 30.4ms | ActiveRecord: 0.3ms)


Started GET "/requests" for 127.0.0.1 at Wed Nov 24 16:15:09 -0500 2010
  Processing by RequestsController#index as HTML
  [1m[36mSQL (0.4ms)[0m  [1mSHOW TABLES[0m
  [1m[35mRequest Load (0.3ms)[0m  SELECT `requests`.* FROM `requests`
Rendered requests/index.html.haml within layouts/application (30.3ms)
Completed 200 OK in 102ms (Views: 39.3ms | ActiveRecord: 0.7ms)


Started GET "/requests/new" for 127.0.0.1 at Wed Nov 24 16:15:11 -0500 2010
  Processing by RequestsController#new as HTML
Rendered requests/new.html.haml within layouts/application (29.8ms)
Completed 200 OK in 50ms (Views: 38.1ms | ActiveRecord: 0.0ms)


Started POST "/requests" for 127.0.0.1 at Wed Nov 24 16:15:14 -0500 2010
  Processing by RequestsController#create as HTML
  Parameters: {"commit"=>"Create Request", "authenticity_token"=>"Vhfs1Tk077G4nCypbgQpL9Xk0Dla/4H7rtg0qqDFU7c=", "utf8"=>"✓", "request"=>{"description"=>"fefeqwfczvc"}}
  [1m[36mSQL (0.1ms)[0m  [1mBEGIN[0m
  [1m[35mSQL (1.1ms)[0m  describe `requests`
  [1m[36mSQL (0.3ms)[0m  [1mINSERT INTO `requests` (`confirmation_number`, `created_at`, `description`, `received_date`, `sent_date`, `updated_at`) VALUES (NULL, '2010-11-24 21:15:14', 'fefeqwfczvc', NULL, '2010-11-24 21:15:14', '2010-11-24 21:15:14')[0m
  [1m[35mSQL (0.5ms)[0m  COMMIT
Redirected to http://localhost:3000/requests
Completed 302 Found in 59ms


Started GET "/requests" for 127.0.0.1 at Wed Nov 24 16:15:14 -0500 2010
  Processing by RequestsController#index as HTML
  [1m[36mRequest Load (0.3ms)[0m  [1mSELECT `requests`.* FROM `requests`[0m
Rendered requests/index.html.haml within layouts/application (22.6ms)
Completed 200 OK in 47ms (Views: 30.9ms | ActiveRecord: 0.3ms)


Started GET "/requests" for 127.0.0.1 at Wed Nov 24 16:15:18 -0500 2010
  Processing by RequestsController#index as HTML
  [1m[35mRequest Load (0.3ms)[0m  SELECT `requests`.* FROM `requests`
Rendered requests/index.html.haml within layouts/application (23.6ms)
Completed 200 OK in 47ms (Views: 31.5ms | ActiveRecord: 0.3ms)


Started GET "/requests" for 127.0.0.1 at Wed Nov 24 16:15:19 -0500 2010
  Processing by RequestsController#index as HTML
  [1m[36mRequest Load (0.3ms)[0m  [1mSELECT `requests`.* FROM `requests`[0m
Rendered requests/index.html.haml within layouts/application (23.1ms)
Completed 200 OK in 46ms (Views: 31.5ms | ActiveRecord: 0.3ms)


Started GET "/requests" for 127.0.0.1 at Wed Nov 24 16:15:20 -0500 2010
  Processing by RequestsController#index as HTML
  [1m[35mRequest Load (0.3ms)[0m  SELECT `requests`.* FROM `requests`
Rendered requests/index.html.haml within layouts/application (22.9ms)
Completed 200 OK in 46ms (Views: 30.9ms | ActiveRecord: 0.3ms)
  [1m[36mSQL (0.6ms)[0m  [1mSHOW TABLES[0m
  [1m[35mRequest Load (0.3ms)[0m  SELECT `requests`.* FROM `requests` ORDER BY requests.id DESC LIMIT 1


Started GET "/requests/publish" for 127.0.0.1 at Wed Nov 24 16:25:04 -0500 2010

AbstractController::ActionNotFound (The action 'show' could not be found for RequestsController):
  

Rendered /usr/local/lib/ruby/gems/1.8/gems/actionpack-3.0.0/lib/action_dispatch/middleware/templates/rescues/unknown_action.erb within rescues/layout (1.2ms)


Started GET "/requests/publish" for 127.0.0.1 at Wed Nov 24 16:25:58 -0500 2010

ArgumentError (wrong number of arguments (1 for 0)):
  config/routes.rb:4:in `collection'
  config/routes.rb:4
  config/routes.rb:3
  config/routes.rb:1

Rendered /usr/local/lib/ruby/gems/1.8/gems/actionpack-3.0.0/lib/action_dispatch/middleware/templates/rescues/_trace.erb (2.8ms)
Rendered /usr/local/lib/ruby/gems/1.8/gems/actionpack-3.0.0/lib/action_dispatch/middleware/templates/rescues/_request_and_response.erb (4.1ms)
Rendered /usr/local/lib/ruby/gems/1.8/gems/actionpack-3.0.0/lib/action_dispatch/middleware/templates/rescues/diagnostics.erb within rescues/layout (16.6ms)


Started GET "/requests/publish" for 127.0.0.1 at Wed Nov 24 16:26:09 -0500 2010

ActionController::RoutingError (No route matches "/requests/publish"):
  

Rendered /usr/local/lib/ruby/gems/1.8/gems/actionpack-3.0.0/lib/action_dispatch/middleware/templates/rescues/routing_error.erb within rescues/layout (1.5ms)


Started GET "/requests/publish" for 127.0.0.1 at Wed Nov 24 16:28:22 -0500 2010
  Processing by RequestsController#publish as HTML
Completed   in 15ms

ActionView::MissingTemplate (Missing template requests/publish with {:handlers=>[:rhtml, :rxml, :builder, :haml, :rjs, :erb], :formats=>[:html], :locale=>[:en, :en]} in view paths "/Users/jackhq/apps/faye_client/app/views"):
  

Rendered /usr/local/lib/ruby/gems/1.8/gems/actionpack-3.0.0/lib/action_dispatch/middleware/templates/rescues/missing_template.erb within rescues/layout (1.1ms)


Started GET "/requests/new" for 127.0.0.1 at Wed Nov 24 16:31:01 -0500 2010
  Processing by RequestsController#new as HTML
Rendered requests/new.html.haml within layouts/application (34.3ms)
Completed 200 OK in 56ms (Views: 43.0ms | ActiveRecord: 0.0ms)


Started POST "/requests" for 127.0.0.1 at Wed Nov 24 16:31:08 -0500 2010
  Processing by RequestsController#create as HTML
  Parameters: {"commit"=>"Create Request", "authenticity_token"=>"Vhfs1Tk077G4nCypbgQpL9Xk0Dla/4H7rtg0qqDFU7c=", "utf8"=>"✓", "request"=>{"description"=>"fdsafeawvcxzvcx"}}
  [1m[36mSQL (0.1ms)[0m  [1mBEGIN[0m
  [1m[35mSQL (0.4ms)[0m  SHOW TABLES
  [1m[36mSQL (2.6ms)[0m  [1mdescribe `requests`[0m
  [1m[35mSQL (0.4ms)[0m  INSERT INTO `requests` (`confirmation_number`, `created_at`, `description`, `received_date`, `sent_date`, `updated_at`) VALUES (NULL, '2010-11-24 21:31:08', 'fdsafeawvcxzvcx', NULL, '2010-11-24 21:31:08', '2010-11-24 21:31:08')
  [1m[36mSQL (0.6ms)[0m  [1mCOMMIT[0m
Completed   in 133ms

NameError (uninitialized constant RequestsController::Bayeaux):
  app/controllers/requests_controller.rb:20:in `create'

Rendered /usr/local/lib/ruby/gems/1.8/gems/actionpack-3.0.0/lib/action_dispatch/middleware/templates/rescues/_trace.erb (2.6ms)
Rendered /usr/local/lib/ruby/gems/1.8/gems/actionpack-3.0.0/lib/action_dispatch/middleware/templates/rescues/_request_and_response.erb (22.8ms)
Rendered /usr/local/lib/ruby/gems/1.8/gems/actionpack-3.0.0/lib/action_dispatch/middleware/templates/rescues/diagnostics.erb within rescues/layout (34.6ms)


Started GET "/requests" for 127.0.0.1 at Wed Nov 24 16:31:17 -0500 2010
  Processing by RequestsController#index as HTML
  [1m[35mRequest Load (0.4ms)[0m  SELECT `requests`.* FROM `requests`
Rendered requests/index.html.haml within layouts/application (23.6ms)
Completed 200 OK in 47ms (Views: 31.3ms | ActiveRecord: 4.6ms)


Started GET "/requests/new" for 127.0.0.1 at Wed Nov 24 16:31:27 -0500 2010
  Processing by RequestsController#new as HTML
Rendered requests/new.html.haml within layouts/application (24.4ms)
Completed 200 OK in 47ms (Views: 33.0ms | ActiveRecord: 0.0ms)


Started POST "/requests" for 127.0.0.1 at Wed Nov 24 16:31:30 -0500 2010
  Processing by RequestsController#create as HTML
  Parameters: {"commit"=>"Create Request", "authenticity_token"=>"Vhfs1Tk077G4nCypbgQpL9Xk0Dla/4H7rtg0qqDFU7c=", "utf8"=>"✓", "request"=>{"description"=>"HELLO"}}
  [1m[36mSQL (0.1ms)[0m  [1mBEGIN[0m
  [1m[35mSQL (0.3ms)[0m  INSERT INTO `requests` (`confirmation_number`, `created_at`, `description`, `received_date`, `sent_date`, `updated_at`) VALUES (NULL, '2010-11-24 21:31:30', 'HELLO', NULL, '2010-11-24 21:31:30', '2010-11-24 21:31:30')
  [1m[36mSQL (1.3ms)[0m  [1mCOMMIT[0m
Redirected to http://localhost:3000/requests
Completed 302 Found in 47ms


Started GET "/requests" for 127.0.0.1 at Wed Nov 24 16:31:30 -0500 2010
  Processing by RequestsController#index as HTML
  [1m[35mRequest Load (0.3ms)[0m  SELECT `requests`.* FROM `requests`
Rendered requests/index.html.haml within layouts/application (25.1ms)
Completed 200 OK in 50ms (Views: 34.4ms | ActiveRecord: 0.3ms)


Started GET "/requests" for 127.0.0.1 at Wed Nov 24 16:33:50 -0500 2010
  Processing by RequestsController#index as HTML
  [1m[36mRequest Load (0.3ms)[0m  [1mSELECT `requests`.* FROM `requests`[0m
Rendered requests/index.html.haml within layouts/application (23.5ms)
Completed 200 OK in 48ms (Views: 31.8ms | ActiveRecord: 0.3ms)


Started GET "/requests/new" for 127.0.0.1 at Wed Nov 24 16:33:52 -0500 2010
  Processing by RequestsController#new as HTML
Rendered requests/new.html.haml within layouts/application (24.5ms)
Completed 200 OK in 45ms (Views: 32.6ms | ActiveRecord: 0.0ms)


Started POST "/requests" for 127.0.0.1 at Wed Nov 24 16:34:01 -0500 2010
  Processing by RequestsController#create as HTML
  Parameters: {"commit"=>"Create Request", "authenticity_token"=>"Vhfs1Tk077G4nCypbgQpL9Xk0Dla/4H7rtg0qqDFU7c=", "utf8"=>"✓", "request"=>{"description"=>"YOSUP"}}
  [1m[35mSQL (0.1ms)[0m  BEGIN
  [1m[36mSQL (0.3ms)[0m  [1mINSERT INTO `requests` (`confirmation_number`, `created_at`, `description`, `received_date`, `sent_date`, `updated_at`) VALUES (NULL, '2010-11-24 21:34:01', 'YOSUP', NULL, '2010-11-24 21:34:01', '2010-11-24 21:34:01')[0m
  [1m[35mSQL (0.6ms)[0m  COMMIT
Redirected to http://localhost:3000/requests
Completed 302 Found in 46ms


Started GET "/requests" for 127.0.0.1 at Wed Nov 24 16:34:02 -0500 2010
  Processing by RequestsController#index as HTML
  [1m[36mRequest Load (0.3ms)[0m  [1mSELECT `requests`.* FROM `requests`[0m
Rendered requests/index.html.haml within layouts/application (27.9ms)
Completed 200 OK in 53ms (Views: 36.1ms | ActiveRecord: 0.3ms)


Started GET "/requests" for 127.0.0.1 at Wed Nov 24 16:38:25 -0500 2010
  Processing by RequestsController#index as HTML
  [1m[36mSQL (0.4ms)[0m  [1mSHOW TABLES[0m
  [1m[35mRequest Load (0.4ms)[0m  SELECT `requests`.* FROM `requests`
Rendered requests/index.html.haml within layouts/application (33.1ms)
Completed 200 OK in 119ms (Views: 43.7ms | ActiveRecord: 0.8ms)


Started GET "/requests/new" for 127.0.0.1 at Wed Nov 24 16:38:28 -0500 2010
  Processing by RequestsController#new as HTML
Rendered requests/new.html.haml within layouts/application (28.8ms)
Completed 200 OK in 50ms (Views: 37.4ms | ActiveRecord: 0.0ms)


Started POST "/requests" for 127.0.0.1 at Wed Nov 24 16:38:30 -0500 2010
  Processing by RequestsController#create as HTML
  Parameters: {"commit"=>"Create Request", "authenticity_token"=>"Vhfs1Tk077G4nCypbgQpL9Xk0Dla/4H7rtg0qqDFU7c=", "utf8"=>"✓", "request"=>{"description"=>"sagfsdgfdsgfdsbvxz"}}
  [1m[36mSQL (0.1ms)[0m  [1mBEGIN[0m
  [1m[35mSQL (1.3ms)[0m  describe `requests`
  [1m[36mSQL (0.3ms)[0m  [1mINSERT INTO `requests` (`confirmation_number`, `created_at`, `description`, `received_date`, `sent_date`, `updated_at`) VALUES (NULL, '2010-11-24 21:38:30', 'sagfsdgfdsgfdsbvxz', NULL, '2010-11-24 21:38:30', '2010-11-24 21:38:30')[0m
  [1m[35mSQL (0.8ms)[0m  ROLLBACK
Completed   in 61ms

NameError (uninitialized constant Request::RequestQueue):
  app/models/request.rb:5:in `do_stuff'
  app/controllers/requests_controller.rb:19:in `create'

Rendered /usr/local/lib/ruby/gems/1.8/gems/actionpack-3.0.0/lib/action_dispatch/middleware/templates/rescues/_trace.erb (2.5ms)
Rendered /usr/local/lib/ruby/gems/1.8/gems/actionpack-3.0.0/lib/action_dispatch/middleware/templates/rescues/_request_and_response.erb (20.3ms)
Rendered /usr/local/lib/ruby/gems/1.8/gems/actionpack-3.0.0/lib/action_dispatch/middleware/templates/rescues/diagnostics.erb within rescues/layout (31.5ms)


Started GET "/" for 127.0.0.1 at Wed Nov 24 16:39:06 -0500 2010
  Processing by RequestsController#index as HTML
  [1m[36mSQL (0.4ms)[0m  [1mSHOW TABLES[0m
  [1m[35mRequest Load (0.3ms)[0m  SELECT `requests`.* FROM `requests`
Rendered requests/index.html.haml within layouts/application (33.8ms)
Completed 200 OK in 105ms (Views: 43.0ms | ActiveRecord: 0.7ms)


Started GET "/requests/new" for 127.0.0.1 at Wed Nov 24 16:39:10 -0500 2010
  Processing by RequestsController#new as HTML
Rendered requests/new.html.haml within layouts/application (29.1ms)
Completed 200 OK in 49ms (Views: 37.4ms | ActiveRecord: 0.0ms)


Started POST "/requests" for 127.0.0.1 at Wed Nov 24 16:39:16 -0500 2010
  Processing by RequestsController#create as HTML
  Parameters: {"commit"=>"Create Request", "authenticity_token"=>"Vhfs1Tk077G4nCypbgQpL9Xk0Dla/4H7rtg0qqDFU7c=", "utf8"=>"✓", "request"=>{"description"=>"COLIN RULES\r\n"}}
  [1m[36mSQL (0.1ms)[0m  [1mBEGIN[0m
  [1m[35mSQL (1.2ms)[0m  describe `requests`
  [1m[36mSQL (0.5ms)[0m  [1mINSERT INTO `requests` (`confirmation_number`, `created_at`, `description`, `received_date`, `sent_date`, `updated_at`) VALUES (NULL, '2010-11-24 21:39:16', 'COLIN RULES\r\n', NULL, '2010-11-24 21:39:16', '2010-11-24 21:39:16')[0m
  [1m[35mSQL (0.5ms)[0m  COMMIT
Redirected to http://localhost:3000/requests
Completed 302 Found in 62ms


Started GET "/requests" for 127.0.0.1 at Wed Nov 24 16:39:16 -0500 2010
  Processing by RequestsController#index as HTML
  [1m[36mRequest Load (0.3ms)[0m  [1mSELECT `requests`.* FROM `requests`[0m
Rendered requests/index.html.haml within layouts/application (25.0ms)
Completed 200 OK in 48ms (Views: 33.3ms | ActiveRecord: 0.3ms)
  [1m[35mRequest Load (0.3ms)[0m  SELECT `requests`.* FROM `requests` WHERE (`requests`.`id` = 11) LIMIT 1
  [1m[36mSQL (0.1ms)[0m  [1mBEGIN[0m
  [1m[35mSQL (0.3ms)[0m  UPDATE `requests` SET `confirmation_number` = 36, `received_date` = '2010-11-24 21:39:17', `updated_at` = '2010-11-24 21:39:17' WHERE (`requests`.`id` = 11)
  [1m[36mSQL (0.5ms)[0m  [1mCOMMIT[0m


Started GET "/requests" for 127.0.0.1 at Wed Nov 24 16:39:25 -0500 2010
  Processing by RequestsController#index as HTML
  [1m[35mRequest Load (0.3ms)[0m  SELECT `requests`.* FROM `requests`
Rendered requests/index.html.haml within layouts/application (16.9ms)
Completed 200 OK in 27ms (Views: 24.7ms | ActiveRecord: 0.3ms)


Started GET "/requests/new" for 127.0.0.1 at Wed Nov 24 16:53:42 -0500 2010
  Processing by RequestsController#new as HTML
Rendered requests/new.html.haml within layouts/application (33.8ms)
Completed 200 OK in 56ms (Views: 43.6ms | ActiveRecord: 0.0ms)


Started POST "/requests" for 127.0.0.1 at Wed Nov 24 16:53:46 -0500 2010
  Processing by RequestsController#create as HTML
  Parameters: {"commit"=>"Create Request", "authenticity_token"=>"Vhfs1Tk077G4nCypbgQpL9Xk0Dla/4H7rtg0qqDFU7c=", "utf8"=>"✓", "request"=>{"description"=>"FINAL TEST"}}
  [1m[36mSQL (0.4ms)[0m  [1mBEGIN[0m
  [1m[35mSQL (10.7ms)[0m  SHOW TABLES
  [1m[36mSQL (1.3ms)[0m  [1mdescribe `requests`[0m
  [1m[35mSQL (0.3ms)[0m  INSERT INTO `requests` (`confirmation_number`, `created_at`, `description`, `received_date`, `sent_date`, `updated_at`) VALUES (NULL, '2010-11-24 21:53:46', 'FINAL TEST', NULL, '2010-11-24 21:53:46', '2010-11-24 21:53:46')
  [1m[36mSQL (0.5ms)[0m  [1mCOMMIT[0m
Redirected to http://localhost:3000/requests
Completed 302 Found in 126ms


Started GET "/requests" for 127.0.0.1 at Wed Nov 24 16:53:46 -0500 2010
  Processing by RequestsController#index as HTML
  [1m[35mRequest Load (0.3ms)[0m  SELECT `requests`.* FROM `requests`
Rendered requests/index.html.haml within layouts/application (25.2ms)
Completed 200 OK in 50ms (Views: 34.3ms | ActiveRecord: 0.3ms)
  [1m[36mRequest Load (0.3ms)[0m  [1mSELECT `requests`.* FROM `requests` WHERE (`requests`.`id` = 12) LIMIT 1[0m
  [1m[35mSQL (0.1ms)[0m  BEGIN
  [1m[36mSQL (0.3ms)[0m  [1mUPDATE `requests` SET `confirmation_number` = 37, `received_date` = '2010-11-24 21:53:47', `updated_at` = '2010-11-24 21:53:47' WHERE (`requests`.`id` = 12)[0m
  [1m[35mSQL (0.5ms)[0m  COMMIT


Started GET "/requests" for 127.0.0.1 at Wed Nov 24 16:53:48 -0500 2010
  Processing by RequestsController#index as HTML
  [1m[36mRequest Load (0.4ms)[0m  [1mSELECT `requests`.* FROM `requests`[0m
Rendered requests/index.html.haml within layouts/application (16.6ms)
Completed 200 OK in 28ms (Views: 25.0ms | ActiveRecord: 0.4ms)
